<?xml version="1.0" encoding="UTF-8"?>
<!-- Generated by org.testng.reporters.JUnitReportReporter -->
<testsuite skipped="0" hostname="U6064273-TPL-A" name="com.crm.qa.tests.ContactsPageTest" tests="3" failures="0" timestamp="10 Feb 2019 11:18:06 GMT" time="72.558" errors="0">
  <testcase name="validateCreateNewContact" time="24.183" classname="com.crm.qa.tests.ContactsPageTest"/>
  <testcase name="validateCreateNewContact" time="23.507" classname="com.crm.qa.tests.ContactsPageTest"/>
  <testcase name="validateCreateNewContact" time="24.868" classname="com.crm.qa.tests.ContactsPageTest"/>
</testsuite> <!-- com.crm.qa.tests.ContactsPageTest -->
