<?xml version="1.0" encoding="UTF-8"?>
<!-- Generated by org.testng.reporters.JUnitReportReporter -->
<testsuite skipped="0" hostname="U6064273-TPL-A" name="com.crm.qa.tests.LoginPageTest" tests="3" failures="0" timestamp="10 Feb 2019 05:25:07 GMT" time="34.633" errors="0">
  <testcase name="validateCRMtitle" time="11.100" classname="com.crm.qa.tests.LoginPageTest"/>
  <testcase name="validateCRMImage" time="9.051" classname="com.crm.qa.tests.LoginPageTest"/>
  <testcase name="validateLoginCredentilas" time="14.482" classname="com.crm.qa.tests.LoginPageTest"/>
</testsuite> <!-- com.crm.qa.tests.LoginPageTest -->
