<?xml version="1.0" encoding="UTF-8"?>
<!-- Generated by org.testng.reporters.JUnitReportReporter -->
<testsuite skipped="0" hostname="U6064273-TPL-A" name="com.crm.qa.tests.HomePageTest" tests="4" failures="0" timestamp="10 Feb 2019 05:25:07 GMT" time="52.711" errors="0">
  <testcase name="validateUserLabel" time="13.221" classname="com.crm.qa.tests.HomePageTest"/>
  <testcase name="validateContactsLink" time="12.765" classname="com.crm.qa.tests.HomePageTest"/>
  <testcase name="validateDealsLink" time="13.432" classname="com.crm.qa.tests.HomePageTest"/>
  <testcase name="validateTasksLink" time="13.293" classname="com.crm.qa.tests.HomePageTest"/>
</testsuite> <!-- com.crm.qa.tests.HomePageTest -->
